<?xml version="1.0" encoding="UTF-8"?>
<!-- Generated by org.testng.reporters.JUnitReportReporter -->
<testsuite skipped="0" hostname="USHYDSKUMARGOU3" name="dfte.apiexe.helper.LoadCollections" tests="1" failures="0" timestamp="2021-01-29T10:39:03 IST" time="0.914" errors="0">
  <testcase name="readSuiteForExecution" time="0.914" classname="dfte.apiexe.helper.LoadCollections"/>
  <system-out/>
</testsuite> <!-- dfte.apiexe.helper.LoadCollections -->
